# JRE version: Java(TM) SE Runtime Environment 18.9 (11.0.9+7) (build 11.0.9+7-LTS)
# Java VM: Java HotSpot(TM) 64-Bit Server VM 18.9 (11.0.9+7-LTS, mixed mode, tiered, compressed oops, g1 gc, windows-amd64)
Heap:
 garbage-first heap   total 131072K, used 39068K [0x0000000081a00000, 0x0000000100000000)
  region size 1024K, 36 young (36864K), 10 survivors (10240K)
 Metaspace       used 31073K, capacity 31683K, committed 31792K, reserved 1077248K
  class space    used 3409K, capacity 3655K, committed 3712K, reserved 1048576K
GC Heap History (6 events):
Event: 1.237 GC heap before
{Heap before GC invocations=0 (full 0):
 garbage-first heap   total 131072K, used 24576K [0x0000000081a00000, 0x0000000100000000)
  region size 1024K, 24 young (24576K), 0 survivors (0K)
 Metaspace       used 12587K, capacity 12827K, committed 12928K, reserved 1060864K
  class space    used 1280K, capacity 1382K, committed 1408K, reserved 1048576K
}
Event: 1.244 GC heap after
{Heap after GC invocations=1 (full 0):
 garbage-first heap   total 131072K, used 3411K [0x0000000081a00000, 0x0000000100000000)
  region size 1024K, 3 young (3072K), 3 survivors (3072K)
 Metaspace       used 12587K, capacity 12827K, committed 12928K, reserved 1060864K
  class space    used 1280K, capacity 1382K, committed 1408K, reserved 1048576K
}
Event: 3.782 GC heap before
{Heap before GC invocations=1 (full 0):
 garbage-first heap   total 131072K, used 70995K [0x0000000081a00000, 0x0000000100000000)
  region size 1024K, 70 young (71680K), 3 survivors (3072K)
 Metaspace       used 20762K, capacity 21154K, committed 21296K, reserved 1069056K
  class space    used 2217K, capacity 2352K, committed 2432K, reserved 1048576K
}
Event: 3.797 GC heap after
{Heap after GC invocations=2 (full 0):
 garbage-first heap   total 131072K, used 7507K [0x0000000081a00000, 0x0000000100000000)
  region size 1024K, 7 young (7168K), 7 survivors (7168K)
 Metaspace       used 20762K, capacity 21154K, committed 21296K, reserved 1069056K
  class space    used 2217K, capacity 2352K, committed 2432K, reserved 1048576K
}
Event: 7.173 GC heap before
{Heap before GC invocations=3 (full 0):
 garbage-first heap   total 131072K, used 78163K [0x0000000081a00000, 0x0000000100000000)
  region size 1024K, 76 young (77824K), 7 survivors (7168K)
 Metaspace       used 30846K, capacity 31472K, committed 31536K, reserved 1077248K
  class space    used 3404K, capacity 3649K, committed 3712K, reserved 1048576K
}
Event: 7.207 GC heap after
{Heap after GC invocations=4 (full 0):
 garbage-first heap   total 131072K, used 13468K [0x0000000081a00000, 0x0000000100000000)
  region size 1024K, 10 young (10240K), 10 survivors (10240K)
 Metaspace       used 30846K, capacity 31472K, committed 31536K, reserved 1077248K
  class space    used 3404K, capacity 3649K, committed 3712K, reserved 1048576K
}

