<?xml version="1.0" encoding="UTF-8" ?>
<testsuite tests="26" failures="0" name="core.basesyntax.MyLinkedListTest" time="0.018" errors="0" skipped="0">
  <properties>
[...]
</properties>
  <testcase classname="core.basesyntax.MyLinkedListTest" name="testSetByIndexEqualsSize" time="0.009"/>
  <testcase classname="core.basesyntax.MyLinkedListTest" name="testAddByIndexToTheTop" time="0.002"/>
  <testcase classname="core.basesyntax.MyLinkedListTest" name="testSetByIndex" time="0"/>
  <testcase classname="core.basesyntax.MyLinkedListTest" name="testAddManyData" time="0.003"/>
  <testcase classname="core.basesyntax.MyLinkedListTest" name="testAddByNegativeIndex" time="0"/>
  <testcase classname="core.basesyntax.MyLinkedListTest" name="testAdd" time="0"/>
  <testcase classname="core.basesyntax.MyLinkedListTest" name="testGetByNegativeIndex" time="0"/>
  <testcase classname="core.basesyntax.MyLinkedListTest" name="testGetByIndexEqualsSize" time="0"/>
  <testcase classname="core.basesyntax.MyLinkedListTest" name="testSize" time="0"/>
  <testcase classname="core.basesyntax.MyLinkedListTest" name="testRemoveByIndex" time="0"/>
  <testcase classname="core.basesyntax.MyLinkedListTest" name="testSetByNegativeIndex" time="0"/>
  <testcase classname="core.basesyntax.MyLinkedListTest" name="testRemoveByIndexEqualsSize" time="0"/>
  <testcase classname="core.basesyntax.MyLinkedListTest" name="addAndRemoveToListTest" time="0"/>
  <testcase classname="core.basesyntax.MyLinkedListTest" name="testSizeAfterSet" time="0"/>
  <testcase classname="core.basesyntax.MyLinkedListTest" name="testRemoveByNegativeIndex" time="0"/>
  <testcase classname="core.basesyntax.MyLinkedListTest" name="testAddByIndexAtTheMiddle" time="0"/>
  <testcase classname="core.basesyntax.MyLinkedListTest" name="removeObjectValueByItemPositive" time="0.004"/>
  <testcase classname="core.basesyntax.MyLinkedListTest" name="testSizeAfterRemove" time="0"/>
  <testcase classname="core.basesyntax.MyLinkedListTest" name="removeObjectValueByItemNegative" time="0"/>
  <testcase classname="core.basesyntax.MyLinkedListTest" name="testGetByIndex" time="0"/>
  <testcase classname="core.basesyntax.MyLinkedListTest" name="testAddByIndexToTheBottom" time="0"/>
  <testcase classname="core.basesyntax.MyLinkedListTest" name="testAddAll" time="0"/>
  <testcase classname="core.basesyntax.MyLinkedListTest" name="testRemoveByItemPositive" time="0"/>
  <testcase classname="core.basesyntax.MyLinkedListTest" name="testIsEmpty" time="0"/>
  <testcase classname="core.basesyntax.MyLinkedListTest" name="testRemoveByItemNegative" time="0"/>
  <testcase classname="core.basesyntax.MyLinkedListTest" name="testIsEmptyAfterRemove" time="0"/>
</testsuite>